<?xml version="1.0" encoding="UTF-8"?>
<!-- Generated by org.testng.reporters.JUnitReportReporter -->
<testsuite hostname="DESKTOP-L36UF7O" failures="0" tests="1" name="tests.RandomScenariosTest" time="19.184" errors="0" timestamp="2025-03-19T00:03:55 EDT" skipped="0">
  <testcase classname="tests.RandomScenariosTest" name="BlockingAnEventWeeklyReccurense_TC37" time="19.184"/>
  <system-out/>
</testsuite> <!-- tests.RandomScenariosTest -->
