<?xml version="1.0" encoding="UTF-8"?>
<!-- Generated by org.testng.reporters.JUnitReportReporter -->
<testsuite hostname="DESKTOP-L36UF7O" failures="0" tests="1" name="salesforceapp.CurrencyExchange" time="0.000" errors="0" timestamp="2025-02-19T12:47:07 EST" skipped="1">
  <testcase classname="salesforceapp.CurrencyExchange" name="exchange" time="0.000">
    <skipped/>
  </testcase> <!-- exchange -->
  <system-out/>
</testsuite> <!-- salesforceapp.CurrencyExchange -->
