<?xml version="1.0" encoding="UTF-8"?>
<!-- Generated by org.testng.reporters.JUnitReportReporter -->
<testsuite hostname="DESKTOP-L36UF7O" failures="0" tests="1" name="tests.UserMenuTest" time="10.975" errors="0" timestamp="2025-03-19T00:28:57 EDT" skipped="0">
  <testcase classname="tests.UserMenuTest" name="Logout_TC09" time="10.975"/>
  <system-out/>
</testsuite> <!-- tests.UserMenuTest -->
