<?xml version="1.0" encoding="UTF-8"?>
<!-- Generated by org.testng.reporters.JUnitReportReporter -->
<testsuite hostname="DESKTOP-L36UF7O" failures="0" tests="1" name="tests.CreateAccountTest" time="15.151" errors="0" timestamp="2025-02-25T16:54:45 EST" skipped="0">
  <testcase classname="tests.CreateAccountTest" name="createNewViewAccount_TC11" time="15.151"/>
  <system-out/>
</testsuite> <!-- tests.CreateAccountTest -->
