<?xml version="1.0" encoding="UTF-8"?>
<!-- Generated by org.testng.reporters.JUnitReportReporter -->
<testsuite hostname="DESKTOP-L36UF7O" failures="0" tests="1" name="tests.LeadsTest" time="15.742" errors="0" timestamp="2025-03-02T18:40:49 EST" skipped="0">
  <testcase classname="tests.LeadsTest" name="newLeadSave_TC24" time="15.742"/>
  <system-out/>
</testsuite> <!-- tests.LeadsTest -->
