<?xml version="1.0" encoding="UTF-8"?>
<!-- Generated by org.testng.reporters.JUnitReportReporter -->
<testsuite hostname="DESKTOP-L36UF7O" failures="0" tests="1" name="testng.demo" time="0.004" errors="0" timestamp="2025-02-07T11:57:13 EST" skipped="0">
  <testcase classname="testng.demo" name="test" time="0.004"/>
  <system-out/>
</testsuite> <!-- testng.demo -->
