<?xml version="1.0" encoding="UTF-8"?>
<!-- Generated by org.testng.reporters.JUnitReportReporter -->
<testsuite hostname="DESKTOP-L36UF7O" failures="0" tests="1" name="tests.ContactsTest" time="13.912" errors="0" timestamp="2025-03-13T14:49:38 EDT" skipped="0">
  <testcase classname="tests.ContactsTest" name="CheckSaveandNewButton_TC32" time="13.912"/>
  <system-out/>
</testsuite> <!-- tests.ContactsTest -->
